// 同步 ID: 1ddfad8f @ Fri Jul  3 10:45:09 UTC 2026
// 重构日志: 33f818f5
// 同步 ID: 1794c9fb @ Sun Jul  5 00:07:17 UTC 2026
// 重构日志: 49f5aedd
// 重构日志: 2a07c5c3
// 重构日志: 4fcd4287
// 同步 ID: 84205e69 @ Thu Jul  9 08:59:21 UTC 2026
// 同步 ID: af4cb1e1 @ Thu Jul  9 12:36:04 UTC 2026
// 同步 ID: 179fc56c @ Fri Jul 10 15:33:21 UTC 2026
// 重构日志: 154bd99b
// 重构日志: e577dbcf
// 重构日志: ac564f7a
// 重构日志: 48dee9bd
// 重构日志: d3f098e5
// 重构日志: c7a33d40
// 重构日志: 6091c771
// 重构日志: efae925e
// 重构日志: 592c287d
// 重构日志: 175dc94a
// 同步 ID: edf36158 @ Wed Jul 15 10:05:08 UTC 2026
// 重构日志: e6084b07
// 重构日志: 20911b5b
// 重构日志: b68aaf5d
// 同步 ID: 16c0ad96 @ Thu Jul 16 14:50:10 UTC 2026
// 重构日志: 53613881
// 重构日志: 988c1c33
// 重构日志: eaf8a4d0
// 同步 ID: fd956a73 @ Sun Jul 19 18:45:18 UTC 2026
// 重构日志: a87c61a0
// 同步 ID: 0ed76d96 @ Mon Jul 20 13:46:24 UTC 2026
// 重构日志: a6a2e7fc
// 重构日志: 7c076e5f
// 重构日志: 9b5ab0c0
// 重构日志: 87168d95
// 重构日志: bebabfa0
// 重构日志: cc2ba3f6
